#
# There is insufficient memory for the Java Runtime Environment to continue.
# Native memory allocation (malloc) failed to allocate 1591056 bytes. Error detail: Chunk::new
# Possible reasons:
#   The system is out of physical RAM or swap space
#   This process is running with CompressedOops enabled, and the Java Heap may be blocking the growth of the native heap
# Possible solutions:
#   Reduce memory load on the system
#   Increase physical memory or swap space
#   Check if swap backing store is full
#   Decrease Java heap size (-Xmx/-Xms)
#   Decrease number of Java threads
#   Decrease Java thread stack sizes (-Xss)
#   Set larger code cache with -XX:ReservedCodeCacheSize=
#   JVM is running with Unscaled Compressed Oops mode in which the Java heap is
#     placed in the first 4GB address space. The Java Heap base address is the
#     maximum limit for the native heap growth. Please use -XX:HeapBaseMinAddress
#     to set the Java Heap base and to place the Java Heap above 4GB virtual address.
# This output file may be truncated or incomplete.
#
#  Out of Memory Error (arena.cpp:191), pid=36252, tid=22608
#
# JRE version: OpenJDK Runtime Environment Temurin-17.0.15+6 (17.0.15+6) (build 17.0.15+6)
# Java VM: OpenJDK 64-Bit Server VM Temurin-17.0.15+6 (17.0.15+6, mixed mode, sharing, tiered, compressed oops, compressed class ptrs, g1 gc, windows-amd64)
# No core dump will be written. Minidumps are not enabled by default on client versions of Windows
#

---------------  S U M M A R Y ------------

Command Line: -javaagent:C:\Users\User\.m2\repository/org/aspectj/aspectjweaver/1.9.19/aspectjweaver-1.9.19.jar C:\Users\User\AppData\Local\Temp\surefire7346342615708767163\surefirebooter-20250811164229804_3.jar C:\Users\User\AppData\Local\Temp\surefire7346342615708767163 2025-08-11T16-42-29_604-jvmRun1 surefire-20250811164229804_1tmp surefire_0-20250811164229804_2tmp

Host: Intel(R) Core(TM) i7-10710U CPU @ 1.10GHz, 12 cores, 7G,  Windows 10 , 64 bit Build 19041 (10.0.19041.5915)
Time: Mon Aug 11 16:43:05 2025 Sri Lanka Standard Time elapsed time: 35.431064 seconds (0d 0h 0m 35s)

---------------  T H R E A D  ---------------

Current thread (0x000001abb7881750):  JavaThread "C2 CompilerThread0" daemon [_thread_in_native, id=22608, stack(0x00000091b9a00000,0x00000091b9b00000)]


Current CompileTask:
C2:  35431 4650       4       org.aspectj.apache.bcel.generic.ClassGen::<init> (500 bytes)

Stack: [0x00000091b9a00000,0x00000091b9b00000]
Native frames: (J=compiled Java code, j=interpreted, Vv=VM code, C=native code)
V  [jvm.dll+0x682fc9]
V  [jvm.dll+0x839878]
V  [jvm.dll+0x83b323]
V  [jvm.dll+0x83b993]
V  [jvm.dll+0x24725f]
V  [jvm.dll+0xacea4]
V  [jvm.dll+0xad53c]
V  [jvm.dll+0x365c1f]
V  [jvm.dll+0x32fe58]
V  [jvm.dll+0x32f2da]
V  [jvm.dll+0x21824f]
V  [jvm.dll+0x21768f]
V  [jvm.dll+0x1a31b0]
V  [jvm.dll+0x227a9c]
V  [jvm.dll+0x225bfb]
V  [jvm.dll+0x7ef018]
V  [jvm.dll+0x7e94dc]
V  [jvm.dll+0x681ea7]
C  [ucrtbase.dll+0x21bb2]
C  [KERNEL32.DLL+0x17374]
C  [ntdll.dll+0x4cc91]


---------------  P R O C E S S  ---------------

Threads class SMR info:
_java_thread_list=0x000001abff267150, length=32, elements={
0x000001ab991142b0, 0x000001abb785ef60, 0x000001abb785fde0, 0x000001abb7878770,
0x000001abb787a340, 0x000001abb787cd10, 0x000001abb787e680, 0x000001abb7881750,
0x000001abb7885910, 0x000001abb7888ac0, 0x000001abb7847140, 0x000001abfd2838c0,
0x000001abfd5f0c30, 0x000001abfd86c900, 0x000001abff60c300, 0x000001abff60e670,
0x000001abff60c810, 0x000001abff60e160, 0x000001abff60f5a0, 0x000001abff60eb80,
0x000001abff60cd20, 0x000001abff60d740, 0x000001abff60bdf0, 0x000001abff60d230,
0x000001abff60dc50, 0x000001ab8057dac0, 0x000001ab805789c0, 0x000001ab8057a820,
0x000001ab805798f0, 0x000001ab8057e9f0, 0x000001ab8057cb90, 0x000001ab805784b0
}

Java Threads: ( => current thread )
  0x000001ab991142b0 JavaThread "Forwarding get on session 3926f3222bfb97be5b61213839005afa to remote" [_thread_blocked, id=4936, stack(0x00000091b8d00000,0x00000091b8e00000)]
  0x000001abb785ef60 JavaThread "Reference Handler" daemon [_thread_blocked, id=36028, stack(0x00000091b9400000,0x00000091b9500000)]
  0x000001abb785fde0 JavaThread "Finalizer" daemon [_thread_blocked, id=17348, stack(0x00000091b9500000,0x00000091b9600000)]
  0x000001abb7878770 JavaThread "Signal Dispatcher" daemon [_thread_blocked, id=23460, stack(0x00000091b9600000,0x00000091b9700000)]
  0x000001abb787a340 JavaThread "Attach Listener" daemon [_thread_blocked, id=30024, stack(0x00000091b9700000,0x00000091b9800000)]
  0x000001abb787cd10 JavaThread "Service Thread" daemon [_thread_blocked, id=23812, stack(0x00000091b9800000,0x00000091b9900000)]
  0x000001abb787e680 JavaThread "Monitor Deflation Thread" daemon [_thread_blocked, id=36528, stack(0x00000091b9900000,0x00000091b9a00000)]
=>0x000001abb7881750 JavaThread "C2 CompilerThread0" daemon [_thread_in_native, id=22608, stack(0x00000091b9a00000,0x00000091b9b00000)]
  0x000001abb7885910 JavaThread "C1 CompilerThread0" daemon [_thread_blocked, id=36680, stack(0x00000091b9b00000,0x00000091b9c00000)]
  0x000001abb7888ac0 JavaThread "Sweeper thread" daemon [_thread_blocked, id=36500, stack(0x00000091b9c00000,0x00000091b9d00000)]
  0x000001abb7847140 JavaThread "Common-Cleaner" daemon [_thread_blocked, id=36496, stack(0x00000091b9d00000,0x00000091b9e00000)]
  0x000001abfd2838c0 JavaThread "Notification Thread" daemon [_thread_blocked, id=36320, stack(0x00000091b9f00000,0x00000091ba000000)]
  0x000001abfd5f0c30 JavaThread "surefire-forkedjvm-stream-flusher" daemon [_thread_blocked, id=34084, stack(0x00000091ba500000,0x00000091ba600000)]
  0x000001abfd86c900 JavaThread "surefire-forkedjvm-command-thread" daemon [_thread_in_native, id=36796, stack(0x00000091ba600000,0x00000091ba700000)]
  0x000001abff60c300 JavaThread "ForkJoinPool.commonPool-worker-1" daemon [_thread_blocked, id=28688, stack(0x00000091bac00000,0x00000091bad00000)]
  0x000001abff60e670 JavaThread "ForkJoinPool.commonPool-worker-2" daemon [_thread_blocked, id=36588, stack(0x00000091bad00000,0x00000091bae00000)]
  0x000001abff60c810 JavaThread "ForkJoinPool.commonPool-worker-3" daemon [_thread_blocked, id=23088, stack(0x00000091bae00000,0x00000091baf00000)]
  0x000001abff60e160 JavaThread "ForkJoinPool.commonPool-worker-4" daemon [_thread_blocked, id=2424, stack(0x00000091baf00000,0x00000091bb000000)]
  0x000001abff60f5a0 JavaThread "ForkJoinPool.commonPool-worker-5" daemon [_thread_blocked, id=35368, stack(0x00000091bb000000,0x00000091bb100000)]
  0x000001abff60eb80 JavaThread "ForkJoinPool.commonPool-worker-6" daemon [_thread_blocked, id=11764, stack(0x00000091bb100000,0x00000091bb200000)]
  0x000001abff60cd20 JavaThread "HttpClient-1-SelectorManager" daemon [_thread_in_native, id=33944, stack(0x00000091bb500000,0x00000091bb600000)]
  0x000001abff60d740 JavaThread "External Process Output Forwarder - C:\Users\User\.cache\selenium\chromedriver\win64\138.0.7204.183\chromedriver.exe" daemon [_thread_in_native, id=23100, stack(0x00000091bb600000,0x00000091bb700000)]
  0x000001abff60bdf0 JavaThread "Driver Service Executor" daemon [_thread_blocked, id=34284, stack(0x00000091bb700000,0x00000091bb800000)]
  0x000001abff60d230 JavaThread "Driver Service Executor" daemon [_thread_blocked, id=28612, stack(0x00000091bb800000,0x00000091bb900000)]
  0x000001abff60dc50 JavaThread "UrlChecker-2" daemon [_thread_blocked, id=22844, stack(0x00000091bb900000,0x00000091bba00000)]
  0x000001ab8057dac0 JavaThread "pool-2-thread-1" [_thread_blocked, id=31856, stack(0x00000091bbb00000,0x00000091bbc00000)]
  0x000001ab805789c0 JavaThread "pool-2-thread-2" [_thread_blocked, id=36460, stack(0x00000091bbc00000,0x00000091bbd00000)]
  0x000001ab8057a820 JavaThread "pool-2-thread-3" [_thread_blocked, id=6356, stack(0x00000091bbd00000,0x00000091bbe00000)]
  0x000001ab805798f0 JavaThread "HttpClient-2-SelectorManager" daemon [_thread_in_native, id=36348, stack(0x00000091b9e00000,0x00000091b9f00000)]
  0x000001ab8057e9f0 JavaThread "pool-3-thread-1" [_thread_blocked, id=33208, stack(0x00000091bbe00000,0x00000091bbf00000)]
  0x000001ab8057cb90 JavaThread "pool-3-thread-2" [_thread_blocked, id=36188, stack(0x00000091bbf00000,0x00000091bc000000)]
  0x000001ab805784b0 JavaThread "pool-3-thread-3" [_thread_blocked, id=36408, stack(0x00000091bc000000,0x00000091bc100000)]

Other Threads:
  0x000001abb7857110 VMThread "VM Thread" [stack: 0x00000091b9300000,0x00000091b9400000] [id=33132]
  0x000001abb7cb8df0 WatcherThread [stack: 0x00000091ba000000,0x00000091ba100000] [id=6348]
  0x000001ab9916dc50 GCTaskThread "GC Thread#0" [stack: 0x00000091b8e00000,0x00000091b8f00000] [id=35644]
  0x000001abfd7b1350 GCTaskThread "GC Thread#1" [stack: 0x00000091ba100000,0x00000091ba200000] [id=32692]
  0x000001abfd68b440 GCTaskThread "GC Thread#2" [stack: 0x00000091ba200000,0x00000091ba300000] [id=35448]
  0x000001abfd65bca0 GCTaskThread "GC Thread#3" [stack: 0x00000091ba300000,0x00000091ba400000] [id=32804]
  0x000001abfd88be60 GCTaskThread "GC Thread#4" [stack: 0x00000091ba400000,0x00000091ba500000] [id=34100]
  0x000001abff0fdfc0 GCTaskThread "GC Thread#5" [stack: 0x00000091ba700000,0x00000091ba800000] [id=33608]
  0x000001abfdb5bac0 GCTaskThread "GC Thread#6" [stack: 0x00000091ba800000,0x00000091ba900000] [id=31148]
  0x000001abfdb5bd80 GCTaskThread "GC Thread#7" [stack: 0x00000091ba900000,0x00000091baa00000] [id=27404]
  0x000001abfe2dd500 GCTaskThread "GC Thread#8" [stack: 0x00000091baa00000,0x00000091bab00000] [id=35180]
  0x000001abfdf03190 GCTaskThread "GC Thread#9" [stack: 0x00000091bab00000,0x00000091bac00000] [id=36708]
  0x000001ab9917dc00 ConcurrentGCThread "G1 Main Marker" [stack: 0x00000091b8f00000,0x00000091b9000000] [id=30636]
  0x000001ab9700e8a0 ConcurrentGCThread "G1 Conc#0" [stack: 0x00000091b9000000,0x00000091b9100000] [id=27900]
  0x000001abfe163aa0 ConcurrentGCThread "G1 Conc#1" [stack: 0x00000091bb200000,0x00000091bb300000] [id=27664]
  0x000001abfe162760 ConcurrentGCThread "G1 Conc#2" [stack: 0x00000091bb300000,0x00000091bb400000] [id=6388]
  0x000001abb77120d0 ConcurrentGCThread "G1 Refine#0" [stack: 0x00000091b9100000,0x00000091b9200000] [id=36364]
  0x000001abb7712b00 ConcurrentGCThread "G1 Service" [stack: 0x00000091b9200000,0x00000091b9300000] [id=35856]

Threads with active compile tasks:
C2 CompilerThread0    35458 4650       4       org.aspectj.apache.bcel.generic.ClassGen::<init> (500 bytes)

VM state: not at safepoint (normal execution)

VM Mutex/Monitor currently owned by a thread: None

Heap address: 0x0000000082c00000, size: 2004 MB, Compressed Oops mode: 32-bit

CDS archive(s) mapped at: [0x000001abb8000000-0x000001abb8bb0000-0x000001abb8bb0000), size 12255232, SharedBaseAddress: 0x000001abb8000000, ArchiveRelocationMode: 1.
Compressed class space mapped at: 0x000001abb9000000-0x000001abf9000000, reserved size: 1073741824
Narrow klass base: 0x000001abb8000000, Narrow klass shift: 0, Narrow klass range: 0x100000000

GC Precious Log:
 CPUs: 12 total, 12 available
 Memory: 8012M
 Large Page Support: Disabled
 NUMA Support: Disabled
 Compressed Oops: Enabled (32-bit)
 Heap Region Size: 1M
 Heap Min Capacity: 8M
 Heap Initial Capacity: 126M
 Heap Max Capacity: 2004M
 Pre-touch: Disabled
 Parallel Workers: 10
 Concurrent Workers: 3
 Concurrent Refinement Workers: 10
 Periodic GC: Disabled

Heap:
 garbage-first heap   total 135168K, used 54680K [0x0000000082c00000, 0x0000000100000000)
  region size 1024K, 9 young (9216K), 4 survivors (4096K)
 Metaspace       used 35165K, committed 35584K, reserved 1114112K
  class space    used 3906K, committed 4096K, reserved 1048576K

Heap Regions: E=young(eden), S=young(survivor), O=old, HS=humongous(starts), HC=humongous(continues), CS=collection set, F=free, OA=open archive, CA=closed archive, TAMS=top-at-mark-start (previous, next)
|   0|0x0000000082c00000, 0x0000000082d00000, 0x0000000082d00000|100%|HS|  |TAMS 0x0000000082d00000, 0x0000000082c00000| Complete 
|   1|0x0000000082d00000, 0x0000000082e00000, 0x0000000082e00000|100%| O|  |TAMS 0x0000000082e00000, 0x0000000082d00000| Untracked 
|   2|0x0000000082e00000, 0x0000000082f00000, 0x0000000082f00000|100%| O|  |TAMS 0x0000000082f00000, 0x0000000082e00000| Untracked 
|   3|0x0000000082f00000, 0x0000000083000000, 0x0000000083000000|100%| O|  |TAMS 0x0000000083000000, 0x0000000082f00000| Untracked 
|   4|0x0000000083000000, 0x0000000083100000, 0x0000000083100000|100%| O|  |TAMS 0x0000000083100000, 0x0000000083000000| Untracked 
|   5|0x0000000083100000, 0x0000000083200000, 0x0000000083200000|100%| O|  |TAMS 0x0000000083200000, 0x0000000083100000| Untracked 
|   6|0x0000000083200000, 0x0000000083300000, 0x0000000083300000|100%| O|  |TAMS 0x0000000083300000, 0x0000000083200000| Untracked 
|   7|0x0000000083300000, 0x0000000083400000, 0x0000000083400000|100%| O|  |TAMS 0x0000000083400000, 0x0000000083300000| Untracked 
|   8|0x0000000083400000, 0x0000000083500000, 0x0000000083500000|100%| O|  |TAMS 0x0000000083500000, 0x0000000083400000| Untracked 
|   9|0x0000000083500000, 0x0000000083600000, 0x0000000083600000|100%| O|  |TAMS 0x0000000083600000, 0x0000000083500000| Untracked 
|  10|0x0000000083600000, 0x0000000083700000, 0x0000000083700000|100%| O|  |TAMS 0x0000000083700000, 0x0000000083600000| Untracked 
|  11|0x0000000083700000, 0x0000000083800000, 0x0000000083800000|100%| O|  |TAMS 0x0000000083800000, 0x0000000083700000| Untracked 
|  12|0x0000000083800000, 0x0000000083900000, 0x0000000083900000|100%| O|  |TAMS 0x0000000083900000, 0x0000000083800000| Untracked 
|  13|0x0000000083900000, 0x0000000083a00000, 0x0000000083a00000|100%| O|  |TAMS 0x0000000083a00000, 0x0000000083900000| Untracked 
|  14|0x0000000083a00000, 0x0000000083b00000, 0x0000000083b00000|100%| O|  |TAMS 0x0000000083b00000, 0x0000000083a00000| Untracked 
|  15|0x0000000083b00000, 0x0000000083c00000, 0x0000000083c00000|100%| O|  |TAMS 0x0000000083c00000, 0x0000000083b00000| Untracked 
|  16|0x0000000083c00000, 0x0000000083d00000, 0x0000000083d00000|100%| O|  |TAMS 0x0000000083d00000, 0x0000000083c00000| Untracked 
|  17|0x0000000083d00000, 0x0000000083e00000, 0x0000000083e00000|100%| O|  |TAMS 0x0000000083e00000, 0x0000000083d00000| Untracked 
|  18|0x0000000083e00000, 0x0000000083f00000, 0x0000000083f00000|100%| O|  |TAMS 0x0000000083f00000, 0x0000000083e00000| Untracked 
|  19|0x0000000083f00000, 0x0000000084000000, 0x0000000084000000|100%| O|  |TAMS 0x0000000084000000, 0x0000000083f00000| Untracked 
|  20|0x0000000084000000, 0x0000000084100000, 0x0000000084100000|100%| O|  |TAMS 0x0000000084100000, 0x0000000084000000| Untracked 
|  21|0x0000000084100000, 0x0000000084200000, 0x0000000084200000|100%| O|  |TAMS 0x0000000084100000, 0x0000000084100000| Untracked 
|  22|0x0000000084200000, 0x0000000084277400, 0x0000000084300000| 46%| O|  |TAMS 0x0000000084200000, 0x0000000084200000| Untracked 
|  23|0x0000000084300000, 0x0000000084400000, 0x0000000084400000|100%| O|  |TAMS 0x0000000084300000, 0x0000000084300000| Untracked 
|  24|0x0000000084400000, 0x0000000084500000, 0x0000000084500000|100%| O|  |TAMS 0x0000000084400000, 0x0000000084400000| Untracked 
|  25|0x0000000084500000, 0x0000000084600000, 0x0000000084600000|100%| O|  |TAMS 0x0000000084500000, 0x0000000084500000| Untracked 
|  26|0x0000000084600000, 0x0000000084700000, 0x0000000084700000|100%| O|  |TAMS 0x0000000084600000, 0x0000000084600000| Untracked 
|  27|0x0000000084700000, 0x0000000084800000, 0x0000000084800000|100%| O|  |TAMS 0x0000000084700000, 0x0000000084700000| Untracked 
|  28|0x0000000084800000, 0x0000000084900000, 0x0000000084900000|100%| O|  |TAMS 0x0000000084800000, 0x0000000084800000| Untracked 
|  29|0x0000000084900000, 0x0000000084a00000, 0x0000000084a00000|100%| O|  |TAMS 0x0000000084900000, 0x0000000084900000| Untracked 
|  30|0x0000000084a00000, 0x0000000084b00000, 0x0000000084b00000|100%| O|  |TAMS 0x0000000084a00000, 0x0000000084a00000| Untracked 
|  31|0x0000000084b00000, 0x0000000084c00000, 0x0000000084c00000|100%| O|  |TAMS 0x0000000084b00000, 0x0000000084b00000| Untracked 
|  32|0x0000000084c00000, 0x0000000084d00000, 0x0000000084d00000|100%| O|  |TAMS 0x0000000084c00000, 0x0000000084c00000| Untracked 
|  33|0x0000000084d00000, 0x0000000084e00000, 0x0000000084e00000|100%| O|  |TAMS 0x0000000084d00000, 0x0000000084d00000| Untracked 
|  34|0x0000000084e00000, 0x0000000084f00000, 0x0000000084f00000|100%| O|  |TAMS 0x0000000084e00000, 0x0000000084e00000| Untracked 
|  35|0x0000000084f00000, 0x0000000085000000, 0x0000000085000000|100%| O|  |TAMS 0x0000000084f00000, 0x0000000084f00000| Untracked 
|  36|0x0000000085000000, 0x0000000085100000, 0x0000000085100000|100%| O|  |TAMS 0x0000000085000000, 0x0000000085000000| Untracked 
|  37|0x0000000085100000, 0x0000000085200000, 0x0000000085200000|100%| O|  |TAMS 0x0000000085100000, 0x0000000085100000| Untracked 
|  38|0x0000000085200000, 0x0000000085300000, 0x0000000085300000|100%| O|  |TAMS 0x0000000085200000, 0x0000000085200000| Untracked 
|  39|0x0000000085300000, 0x0000000085400000, 0x0000000085400000|100%| O|  |TAMS 0x0000000085300000, 0x0000000085300000| Untracked 
|  40|0x0000000085400000, 0x0000000085500000, 0x0000000085500000|100%| O|  |TAMS 0x0000000085400000, 0x0000000085400000| Untracked 
|  41|0x0000000085500000, 0x0000000085500000, 0x0000000085600000|  0%| F|  |TAMS 0x0000000085500000, 0x0000000085500000| Untracked 
|  42|0x0000000085600000, 0x0000000085600000, 0x0000000085700000|  0%| F|  |TAMS 0x0000000085600000, 0x0000000085600000| Untracked 
|  43|0x0000000085700000, 0x0000000085700000, 0x0000000085800000|  0%| F|  |TAMS 0x0000000085700000, 0x0000000085700000| Untracked 
|  44|0x0000000085800000, 0x0000000085800000, 0x0000000085900000|  0%| F|  |TAMS 0x0000000085800000, 0x0000000085800000| Untracked 
|  45|0x0000000085900000, 0x0000000085a00000, 0x0000000085a00000|100%| O|  |TAMS 0x0000000085900000, 0x0000000085900000| Untracked 
|  46|0x0000000085a00000, 0x0000000085b00000, 0x0000000085b00000|100%| O|  |TAMS 0x0000000085a00000, 0x0000000085a00000| Untracked 
|  47|0x0000000085b00000, 0x0000000085c00000, 0x0000000085c00000|100%| O|  |TAMS 0x0000000085b00000, 0x0000000085b00000| Untracked 
|  48|0x0000000085c00000, 0x0000000085d00000, 0x0000000085d00000|100%| O|  |TAMS 0x0000000085c00000, 0x0000000085c00000| Untracked 
|  49|0x0000000085d00000, 0x0000000085e00000, 0x0000000085e00000|100%| O|  |TAMS 0x0000000085d00000, 0x0000000085d00000| Untracked 
|  50|0x0000000085e00000, 0x0000000085e00000, 0x0000000085f00000|  0%| F|  |TAMS 0x0000000085e00000, 0x0000000085e00000| Untracked 
|  51|0x0000000085f00000, 0x0000000085f00000, 0x0000000086000000|  0%| F|  |TAMS 0x0000000085f00000, 0x0000000085f00000| Untracked 
|  52|0x0000000086000000, 0x0000000086000000, 0x0000000086100000|  0%| F|  |TAMS 0x0000000086000000, 0x0000000086000000| Untracked 
|  53|0x0000000086100000, 0x0000000086100000, 0x0000000086200000|  0%| F|  |TAMS 0x0000000086100000, 0x0000000086100000| Untracked 
|  54|0x0000000086200000, 0x0000000086200000, 0x0000000086300000|  0%| F|  |TAMS 0x0000000086200000, 0x0000000086200000| Untracked 
|  55|0x0000000086300000, 0x0000000086300000, 0x0000000086400000|  0%| F|  |TAMS 0x0000000086300000, 0x0000000086300000| Untracked 
|  56|0x0000000086400000, 0x0000000086400000, 0x0000000086500000|  0%| F|  |TAMS 0x0000000086400000, 0x0000000086400000| Untracked 
|  57|0x0000000086500000, 0x0000000086500000, 0x0000000086600000|  0%| F|  |TAMS 0x0000000086500000, 0x0000000086500000| Untracked 
|  58|0x0000000086600000, 0x0000000086600000, 0x0000000086700000|  0%| F|  |TAMS 0x0000000086600000, 0x0000000086600000| Untracked 
|  59|0x0000000086700000, 0x0000000086700000, 0x0000000086800000|  0%| F|  |TAMS 0x0000000086700000, 0x0000000086700000| Untracked 
|  60|0x0000000086800000, 0x0000000086800000, 0x0000000086900000|  0%| F|  |TAMS 0x0000000086800000, 0x0000000086800000| Untracked 
|  61|0x0000000086900000, 0x0000000086900000, 0x0000000086a00000|  0%| F|  |TAMS 0x0000000086900000, 0x0000000086900000| Untracked 
|  62|0x0000000086a00000, 0x0000000086a00000, 0x0000000086b00000|  0%| F|  |TAMS 0x0000000086a00000, 0x0000000086a00000| Untracked 
|  63|0x0000000086b00000, 0x0000000086b00000, 0x0000000086c00000|  0%| F|  |TAMS 0x0000000086b00000, 0x0000000086b00000| Untracked 
|  64|0x0000000086c00000, 0x0000000086c00000, 0x0000000086d00000|  0%| F|  |TAMS 0x0000000086c00000, 0x0000000086c00000| Untracked 
|  65|0x0000000086d00000, 0x0000000086d00000, 0x0000000086e00000|  0%| F|  |TAMS 0x0000000086d00000, 0x0000000086d00000| Untracked 
|  66|0x0000000086e00000, 0x0000000086e00000, 0x0000000086f00000|  0%| F|  |TAMS 0x0000000086e00000, 0x0000000086e00000| Untracked 
|  67|0x0000000086f00000, 0x0000000086f00000, 0x0000000087000000|  0%| F|  |TAMS 0x0000000086f00000, 0x0000000086f00000| Untracked 
|  68|0x0000000087000000, 0x0000000087000000, 0x0000000087100000|  0%| F|  |TAMS 0x0000000087000000, 0x0000000087000000| Untracked 
|  69|0x0000000087100000, 0x0000000087100000, 0x0000000087200000|  0%| F|  |TAMS 0x0000000087100000, 0x0000000087100000| Untracked 
|  70|0x0000000087200000, 0x0000000087200000, 0x0000000087300000|  0%| F|  |TAMS 0x0000000087200000, 0x0000000087200000| Untracked 
|  71|0x0000000087300000, 0x0000000087300000, 0x0000000087400000|  0%| F|  |TAMS 0x0000000087300000, 0x0000000087300000| Untracked 
|  72|0x0000000087400000, 0x00000000874eec00, 0x0000000087500000| 93%| S|CS|TAMS 0x0000000087400000, 0x0000000087400000| Complete 
|  73|0x0000000087500000, 0x0000000087500000, 0x0000000087600000|  0%| F|  |TAMS 0x0000000087500000, 0x0000000087500000| Untracked 
|  74|0x0000000087600000, 0x0000000087600000, 0x0000000087700000|  0%| F|  |TAMS 0x0000000087600000, 0x0000000087600000| Untracked 
|  75|0x0000000087700000, 0x0000000087700000, 0x0000000087800000|  0%| F|  |TAMS 0x0000000087700000, 0x0000000087700000| Untracked 
|  76|0x0000000087800000, 0x0000000087800000, 0x0000000087900000|  0%| F|  |TAMS 0x0000000087800000, 0x0000000087800000| Untracked 
|  77|0x0000000087900000, 0x0000000087900000, 0x0000000087a00000|  0%| F|  |TAMS 0x0000000087900000, 0x0000000087900000| Untracked 
|  78|0x0000000087a00000, 0x0000000087a00000, 0x0000000087b00000|  0%| F|  |TAMS 0x0000000087a00000, 0x0000000087a00000| Untracked 
|  79|0x0000000087b00000, 0x0000000087c00000, 0x0000000087c00000|100%| S|CS|TAMS 0x0000000087b00000, 0x0000000087b00000| Complete 
|  80|0x0000000087c00000, 0x0000000087d00000, 0x0000000087d00000|100%| S|CS|TAMS 0x0000000087c00000, 0x0000000087c00000| Complete 
|  81|0x0000000087d00000, 0x0000000087e00000, 0x0000000087e00000|100%| S|CS|TAMS 0x0000000087d00000, 0x0000000087d00000| Complete 
|  82|0x0000000087e00000, 0x0000000087e00000, 0x0000000087f00000|  0%| F|  |TAMS 0x0000000087e00000, 0x0000000087e00000| Untracked 
|  83|0x0000000087f00000, 0x0000000087f00000, 0x0000000088000000|  0%| F|  |TAMS 0x0000000087f00000, 0x0000000087f00000| Untracked 
|  84|0x0000000088000000, 0x0000000088000000, 0x0000000088100000|  0%| F|  |TAMS 0x0000000088000000, 0x0000000088000000| Untracked 
|  85|0x0000000088100000, 0x0000000088100000, 0x0000000088200000|  0%| F|  |TAMS 0x0000000088100000, 0x0000000088100000| Untracked 
|  86|0x0000000088200000, 0x0000000088200000, 0x0000000088300000|  0%| F|  |TAMS 0x0000000088200000, 0x0000000088200000| Untracked 
|  87|0x0000000088300000, 0x0000000088300000, 0x0000000088400000|  0%| F|  |TAMS 0x0000000088300000, 0x0000000088300000| Untracked 
|  88|0x0000000088400000, 0x0000000088400000, 0x0000000088500000|  0%| F|  |TAMS 0x0000000088400000, 0x0000000088400000| Untracked 
|  89|0x0000000088500000, 0x0000000088500000, 0x0000000088600000|  0%| F|  |TAMS 0x0000000088500000, 0x0000000088500000| Untracked 
|  90|0x0000000088600000, 0x0000000088600000, 0x0000000088700000|  0%| F|  |TAMS 0x0000000088600000, 0x0000000088600000| Untracked 
|  91|0x0000000088700000, 0x0000000088700000, 0x0000000088800000|  0%| F|  |TAMS 0x0000000088700000, 0x0000000088700000| Untracked 
|  92|0x0000000088800000, 0x0000000088800000, 0x0000000088900000|  0%| F|  |TAMS 0x0000000088800000, 0x0000000088800000| Untracked 
|  93|0x0000000088900000, 0x0000000088900000, 0x0000000088a00000|  0%| F|  |TAMS 0x0000000088900000, 0x0000000088900000| Untracked 
|  94|0x0000000088a00000, 0x0000000088a00000, 0x0000000088b00000|  0%| F|  |TAMS 0x0000000088a00000, 0x0000000088a00000| Untracked 
|  95|0x0000000088b00000, 0x0000000088b00000, 0x0000000088c00000|  0%| F|  |TAMS 0x0000000088b00000, 0x0000000088b00000| Untracked 
|  96|0x0000000088c00000, 0x0000000088c00000, 0x0000000088d00000|  0%| F|  |TAMS 0x0000000088c00000, 0x0000000088c00000| Untracked 
|  97|0x0000000088d00000, 0x0000000088d00000, 0x0000000088e00000|  0%| F|  |TAMS 0x0000000088d00000, 0x0000000088d00000| Untracked 
|  98|0x0000000088e00000, 0x0000000088e00000, 0x0000000088f00000|  0%| F|  |TAMS 0x0000000088e00000, 0x0000000088e00000| Untracked 
|  99|0x0000000088f00000, 0x0000000088f00000, 0x0000000089000000|  0%| F|  |TAMS 0x0000000088f00000, 0x0000000088f00000| Untracked 
| 100|0x0000000089000000, 0x0000000089000000, 0x0000000089100000|  0%| F|  |TAMS 0x0000000089000000, 0x0000000089000000| Untracked 
| 101|0x0000000089100000, 0x0000000089100000, 0x0000000089200000|  0%| F|  |TAMS 0x0000000089100000, 0x0000000089100000| Untracked 
| 102|0x0000000089200000, 0x0000000089200000, 0x0000000089300000|  0%| F|  |TAMS 0x0000000089200000, 0x0000000089200000| Untracked 
| 103|0x0000000089300000, 0x0000000089300000, 0x0000000089400000|  0%| F|  |TAMS 0x0000000089300000, 0x0000000089300000| Untracked 
| 104|0x0000000089400000, 0x0000000089400000, 0x0000000089500000|  0%| F|  |TAMS 0x0000000089400000, 0x0000000089400000| Untracked 
| 105|0x0000000089500000, 0x0000000089500000, 0x0000000089600000|  0%| F|  |TAMS 0x0000000089500000, 0x0000000089500000| Untracked 
| 106|0x0000000089600000, 0x0000000089600000, 0x0000000089700000|  0%| F|  |TAMS 0x0000000089600000, 0x0000000089600000| Untracked 
| 107|0x0000000089700000, 0x0000000089700000, 0x0000000089800000|  0%| F|  |TAMS 0x0000000089700000, 0x0000000089700000| Untracked 
| 108|0x0000000089800000, 0x0000000089800000, 0x0000000089900000|  0%| F|  |TAMS 0x0000000089800000, 0x0000000089800000| Untracked 
| 109|0x0000000089900000, 0x0000000089900000, 0x0000000089a00000|  0%| F|  |TAMS 0x0000000089900000, 0x0000000089900000| Untracked 
| 110|0x0000000089a00000, 0x0000000089a00000, 0x0000000089b00000|  0%| F|  |TAMS 0x0000000089a00000, 0x0000000089a00000| Untracked 
| 111|0x0000000089b00000, 0x0000000089b00000, 0x0000000089c00000|  0%| F|  |TAMS 0x0000000089b00000, 0x0000000089b00000| Untracked 
| 112|0x0000000089c00000, 0x0000000089c00000, 0x0000000089d00000|  0%| F|  |TAMS 0x0000000089c00000, 0x0000000089c00000| Untracked 
| 113|0x0000000089d00000, 0x0000000089d00000, 0x0000000089e00000|  0%| F|  |TAMS 0x0000000089d00000, 0x0000000089d00000| Untracked 
| 114|0x0000000089e00000, 0x0000000089e00000, 0x0000000089f00000|  0%| F|  |TAMS 0x0000000089e00000, 0x0000000089e00000| Untracked 
| 115|0x0000000089f00000, 0x0000000089f00000, 0x000000008a000000|  0%| F|  |TAMS 0x0000000089f00000, 0x0000000089f00000| Untracked 
| 116|0x000000008a000000, 0x000000008a000000, 0x000000008a100000|  0%| F|  |TAMS 0x000000008a000000, 0x000000008a000000| Untracked 
| 117|0x000000008a100000, 0x000000008a100000, 0x000000008a200000|  0%| F|  |TAMS 0x000000008a100000, 0x000000008a100000| Untracked 
| 118|0x000000008a200000, 0x000000008a200000, 0x000000008a300000|  0%| F|  |TAMS 0x000000008a200000, 0x000000008a200000| Untracked 
| 119|0x000000008a300000, 0x000000008a300000, 0x000000008a400000|  0%| F|  |TAMS 0x000000008a300000, 0x000000008a300000| Untracked 
| 120|0x000000008a400000, 0x000000008a400000, 0x000000008a500000|  0%| F|  |TAMS 0x000000008a400000, 0x000000008a400000| Untracked 
| 121|0x000000008a500000, 0x000000008a500000, 0x000000008a600000|  0%| F|  |TAMS 0x000000008a500000, 0x000000008a500000| Untracked 
| 122|0x000000008a600000, 0x000000008a600000, 0x000000008a700000|  0%| F|  |TAMS 0x000000008a600000, 0x000000008a600000| Untracked 
| 123|0x000000008a700000, 0x000000008a700000, 0x000000008a800000|  0%| F|  |TAMS 0x000000008a700000, 0x000000008a700000| Untracked 
| 124|0x000000008a800000, 0x000000008a800000, 0x000000008a900000|  0%| F|  |TAMS 0x000000008a800000, 0x000000008a800000| Untracked 
| 125|0x000000008a900000, 0x000000008a900000, 0x000000008aa00000|  0%| F|  |TAMS 0x000000008a900000, 0x000000008a900000| Untracked 
| 126|0x000000008aa00000, 0x000000008aa00000, 0x000000008ab00000|  0%| F|  |TAMS 0x000000008aa00000, 0x000000008aa00000| Untracked 
| 127|0x000000008ab00000, 0x000000008ab3e3b0, 0x000000008ac00000| 24%| E|  |TAMS 0x000000008ab00000, 0x000000008ab00000| Complete 
| 128|0x000000008ac00000, 0x000000008ad00000, 0x000000008ad00000|100%| E|CS|TAMS 0x000000008ac00000, 0x000000008ac00000| Complete 
| 129|0x000000008ad00000, 0x000000008ae00000, 0x000000008ae00000|100%| E|CS|TAMS 0x000000008ad00000, 0x000000008ad00000| Complete 
| 130|0x000000008ae00000, 0x000000008af00000, 0x000000008af00000|100%| E|CS|TAMS 0x000000008ae00000, 0x000000008ae00000| Complete 
| 131|0x000000008af00000, 0x000000008b000000, 0x000000008b000000|100%| E|CS|TAMS 0x000000008af00000, 0x000000008af00000| Complete 

Card table byte_map: [0x000001abb05b0000,0x000001abb09a0000] _byte_map_base: 0x000001abb019a000

Marking Bits (Prev, Next): (CMBitMap*) 0x000001ab9700bbb0, (CMBitMap*) 0x000001ab9700bb70
 Prev Bits: [0x000001abb2ce0000, 0x000001abb4c30000)
 Next Bits: [0x000001abb0d90000, 0x000001abb2ce0000)

Polling page: 0x000001ab97100000

Metaspace:

Usage:
  Non-class:     30.53 MB used.
      Class:      3.82 MB used.
       Both:     34.34 MB used.

Virtual space:
  Non-class space:       64.00 MB reserved,      30.75 MB ( 48%) committed,  1 nodes.
      Class space:        1.00 GB reserved,       4.00 MB ( <1%) committed,  1 nodes.
             Both:        1.06 GB reserved,      34.75 MB (  3%) committed. 

Chunk freelists:
   Non-Class:  1.17 MB
       Class:  12.01 MB
        Both:  13.18 MB

MaxMetaspaceSize: unlimited
CompressedClassSpaceSize: 1.00 GB
Initial GC threshold: 21.00 MB
Current GC threshold: 35.25 MB
CDS: on
MetaspaceReclaimPolicy: balanced
 - commit_granule_bytes: 65536.
 - commit_granule_words: 8192.
 - virtual_space_node_default_size: 8388608.
 - enlarge_chunks_in_place: 1.
 - new_chunks_are_fully_committed: 0.
 - uncommit_free_chunks: 1.
 - use_allocation_guard: 0.
 - handle_deallocations: 1.


Internal statistics:

num_allocs_failed_limit: 3.
num_arena_births: 402.
num_arena_deaths: 0.
num_vsnodes_births: 2.
num_vsnodes_deaths: 0.
num_space_committed: 556.
num_space_uncommitted: 0.
num_chunks_returned_to_freelist: 3.
num_chunks_taken_from_freelist: 1307.
num_chunk_merges: 3.
num_chunk_splits: 923.
num_chunks_enlarged: 684.
num_inconsistent_stats: 0.

CodeHeap 'non-profiled nmethods': size=120000Kb used=2879Kb max_used=2879Kb free=117120Kb
 bounds [0x000001aba8740000, 0x000001aba8a10000, 0x000001abafc70000]
CodeHeap 'profiled nmethods': size=120000Kb used=8565Kb max_used=8724Kb free=111434Kb
 bounds [0x000001aba0c70000, 0x000001aba1500000, 0x000001aba81a0000]
CodeHeap 'non-nmethods': size=5760Kb used=1284Kb max_used=1362Kb free=4475Kb
 bounds [0x000001aba81a0000, 0x000001aba8410000, 0x000001aba8740000]
 total_blobs=4608 nmethods=4010 adapters=510
 compilation: enabled
              stopped_count=0, restarted_count=0
 full_count=0

Compilation events (20 events):
Event: 35.275 Thread 0x000001abb7885910 4656       3       java.nio.CharBuffer::<init> (24 bytes)
Event: 35.276 Thread 0x000001abb7885910 nmethod 4656 0x000001aba0e8fd10 code [0x000001aba0e8fec0, 0x000001aba0e90068]
Event: 35.281 Thread 0x000001abb7885910 4657       1       java.util.stream.MatchOps$BooleanTerminalSink::getAndClearState (5 bytes)
Event: 35.282 Thread 0x000001abb7885910 nmethod 4657 0x000001aba8a0f790 code [0x000001aba8a0f920, 0x000001aba8a0f9f8]
Event: 35.282 Thread 0x000001abb7885910 4658       3       java.util.stream.FindOps$FindSink$OfRef::<init> (5 bytes)
Event: 35.283 Thread 0x000001abb7885910 nmethod 4658 0x000001aba0e8f890 code [0x000001aba0e8fa40, 0x000001aba0e8fbf8]
Event: 35.286 Thread 0x000001abb7885910 4659       1       org.openqa.selenium.remote.Command::getSessionId (5 bytes)
Event: 35.286 Thread 0x000001abb7885910 nmethod 4659 0x000001aba8a0fa90 code [0x000001aba8a0fc20, 0x000001aba8a0fcf8]
Event: 35.288 Thread 0x000001abb7885910 4660       3       org.openqa.selenium.remote.http.HttpMessage::getHeader (58 bytes)
Event: 35.292 Thread 0x000001abb7885910 nmethod 4660 0x000001aba0e8dd90 code [0x000001aba0e8e060, 0x000001aba0e8f2e8]
Event: 35.292 Thread 0x000001abb7885910 4663       3       java.lang.CharacterDataLatin1::digit (32 bytes)
Event: 35.292 Thread 0x000001abb7885910 nmethod 4663 0x000001aba0e8d890 code [0x000001aba0e8da40, 0x000001aba0e8dc98]
Event: 35.292 Thread 0x000001abb7885910 4661       3       org.openqa.selenium.remote.http.HttpMessage$$Lambda$545/0x000001abb93295a0::<init> (10 bytes)
Event: 35.293 Thread 0x000001abb7885910 nmethod 4661 0x000001aba0e8d490 code [0x000001aba0e8d620, 0x000001aba0e8d7d8]
Event: 35.293 Thread 0x000001abb7885910 4664       3       jdk.internal.net.http.common.SequentialScheduler::runOrSchedule (10 bytes)
Event: 35.294 Thread 0x000001abb7885910 nmethod 4664 0x000001aba0e8d110 code [0x000001aba0e8d2a0, 0x000001aba0e8d3e8]
Event: 35.294 Thread 0x000001abb7885910 4665       3       jdk.internal.net.http.ConnectionPool::purgeExpiredConnectionsAndReturnNextDeadline (20 bytes)
Event: 35.295 Thread 0x000001abb7885910 nmethod 4665 0x000001aba0e8cb90 code [0x000001aba0e8cd60, 0x000001aba0e8cfb8]
Event: 35.295 Thread 0x000001abb7885910 4666       3       sun.nio.ch.SelectorImpl::select (35 bytes)
Event: 35.295 Thread 0x000001abb7885910 nmethod 4666 0x000001aba0e8c610 code [0x000001aba0e8c7c0, 0x000001aba0e8ca78]

GC Heap History (16 events):
Event: 0.704 GC heap before
{Heap before GC invocations=0 (full 0):
 garbage-first heap   total 129024K, used 24576K [0x0000000082c00000, 0x0000000100000000)
  region size 1024K, 23 young (23552K), 0 survivors (0K)
 Metaspace       used 5831K, committed 5952K, reserved 1114112K
  class space    used 529K, committed 576K, reserved 1048576K
}
Event: 0.709 GC heap after
{Heap after GC invocations=1 (full 0):
 garbage-first heap   total 129024K, used 6411K [0x0000000082c00000, 0x0000000100000000)
  region size 1024K, 3 young (3072K), 3 survivors (3072K)
 Metaspace       used 5831K, committed 5952K, reserved 1114112K
  class space    used 529K, committed 576K, reserved 1048576K
}
Event: 1.155 GC heap before
{Heap before GC invocations=1 (full 0):
 garbage-first heap   total 129024K, used 35083K [0x0000000082c00000, 0x0000000100000000)
  region size 1024K, 31 young (31744K), 3 survivors (3072K)
 Metaspace       used 9706K, committed 9856K, reserved 1114112K
  class space    used 855K, committed 896K, reserved 1048576K
}
Event: 1.167 GC heap after
{Heap after GC invocations=2 (full 0):
 garbage-first heap   total 129024K, used 12196K [0x0000000082c00000, 0x0000000100000000)
  region size 1024K, 4 young (4096K), 4 survivors (4096K)
 Metaspace       used 9706K, committed 9856K, reserved 1114112K
  class space    used 855K, committed 896K, reserved 1048576K
}
Event: 1.735 GC heap before
{Heap before GC invocations=2 (full 0):
 garbage-first heap   total 129024K, used 68516K [0x0000000082c00000, 0x0000000100000000)
  region size 1024K, 59 young (60416K), 4 survivors (4096K)
 Metaspace       used 13218K, committed 13376K, reserved 1114112K
  class space    used 1177K, committed 1280K, reserved 1048576K
}
Event: 1.747 GC heap after
{Heap after GC invocations=3 (full 0):
 garbage-first heap   total 129024K, used 21267K [0x0000000082c00000, 0x0000000100000000)
  region size 1024K, 8 young (8192K), 8 survivors (8192K)
 Metaspace       used 13218K, committed 13376K, reserved 1114112K
  class space    used 1177K, committed 1280K, reserved 1048576K
}
Event: 2.130 GC heap before
{Heap before GC invocations=3 (full 0):
 garbage-first heap   total 129024K, used 72467K [0x0000000082c00000, 0x0000000100000000)
  region size 1024K, 58 young (59392K), 8 survivors (8192K)
 Metaspace       used 16041K, committed 16256K, reserved 1114112K
  class space    used 1537K, committed 1664K, reserved 1048576K
}
Event: 2.141 GC heap after
{Heap after GC invocations=4 (full 0):
 garbage-first heap   total 129024K, used 25600K [0x0000000082c00000, 0x0000000100000000)
  region size 1024K, 4 young (4096K), 4 survivors (4096K)
 Metaspace       used 16041K, committed 16256K, reserved 1114112K
  class space    used 1537K, committed 1664K, reserved 1048576K
}
Event: 2.778 GC heap before
{Heap before GC invocations=4 (full 0):
 garbage-first heap   total 129024K, used 68608K [0x0000000082c00000, 0x0000000100000000)
  region size 1024K, 47 young (48128K), 4 survivors (4096K)
 Metaspace       used 21277K, committed 21504K, reserved 1114112K
  class space    used 2113K, committed 2240K, reserved 1048576K
}
Event: 2.788 GC heap after
{Heap after GC invocations=5 (full 0):
 garbage-first heap   total 129024K, used 31197K [0x0000000082c00000, 0x0000000100000000)
  region size 1024K, 8 young (8192K), 8 survivors (8192K)
 Metaspace       used 21277K, committed 21504K, reserved 1114112K
  class space    used 2113K, committed 2240K, reserved 1048576K
}
Event: 4.242 GC heap before
{Heap before GC invocations=6 (full 0):
 garbage-first heap   total 112640K, used 88541K [0x0000000082c00000, 0x0000000100000000)
  region size 1024K, 65 young (66560K), 8 survivors (8192K)
 Metaspace       used 26929K, committed 27200K, reserved 1114112K
  class space    used 2798K, committed 2944K, reserved 1048576K
}
Event: 4.265 GC heap after
{Heap after GC invocations=7 (full 0):
 garbage-first heap   total 135168K, used 40624K [0x0000000082c00000, 0x0000000100000000)
  region size 1024K, 9 young (9216K), 9 survivors (9216K)
 Metaspace       used 26929K, committed 27200K, reserved 1114112K
  class space    used 2798K, committed 2944K, reserved 1048576K
}
Event: 8.126 GC heap before
{Heap before GC invocations=7 (full 0):
 garbage-first heap   total 135168K, used 94896K [0x0000000082c00000, 0x0000000100000000)
  region size 1024K, 62 young (63488K), 9 survivors (9216K)
 Metaspace       used 32246K, committed 32512K, reserved 1114112K
  class space    used 3610K, committed 3712K, reserved 1048576K
}
Event: 8.140 GC heap after
{Heap after GC invocations=8 (full 0):
 garbage-first heap   total 135168K, used 46946K [0x0000000082c00000, 0x0000000100000000)
  region size 1024K, 6 young (6144K), 6 survivors (6144K)
 Metaspace       used 32246K, committed 32512K, reserved 1114112K
  class space    used 3610K, committed 3712K, reserved 1048576K
}
Event: 32.844 GC heap before
{Heap before GC invocations=8 (full 0):
 garbage-first heap   total 135168K, used 98146K [0x0000000082c00000, 0x0000000100000000)
  region size 1024K, 56 young (57344K), 6 survivors (6144K)
 Metaspace       used 34963K, committed 35328K, reserved 1114112K
  class space    used 3881K, committed 4096K, reserved 1048576K
}
Event: 32.849 GC heap after
{Heap after GC invocations=9 (full 0):
 garbage-first heap   total 135168K, used 50584K [0x0000000082c00000, 0x0000000100000000)
  region size 1024K, 4 young (4096K), 4 survivors (4096K)
 Metaspace       used 34963K, committed 35328K, reserved 1114112K
  class space    used 3881K, committed 4096K, reserved 1048576K
}

Dll operation events (13 events):
Event: 0.012 Loaded shared library C:\Program Files\Eclipse Adoptium\jdk-17.0.15.6-hotspot\bin\java.dll
Event: 0.034 Loaded shared library C:\Program Files\Eclipse Adoptium\jdk-17.0.15.6-hotspot\bin\jsvml.dll
Event: 0.086 Loaded shared library C:\Program Files\Eclipse Adoptium\jdk-17.0.15.6-hotspot\bin\zip.dll
Event: 0.089 Loaded shared library C:\Program Files\Eclipse Adoptium\jdk-17.0.15.6-hotspot\bin\instrument.dll
Event: 0.093 Loaded shared library C:\Program Files\Eclipse Adoptium\jdk-17.0.15.6-hotspot\bin\net.dll
Event: 0.095 Loaded shared library C:\Program Files\Eclipse Adoptium\jdk-17.0.15.6-hotspot\bin\nio.dll
Event: 0.097 Loaded shared library C:\Program Files\Eclipse Adoptium\jdk-17.0.15.6-hotspot\bin\zip.dll
Event: 0.270 Loaded shared library C:\Program Files\Eclipse Adoptium\jdk-17.0.15.6-hotspot\bin\jimage.dll
Event: 0.774 Loaded shared library C:\Program Files\Eclipse Adoptium\jdk-17.0.15.6-hotspot\bin\management.dll
Event: 0.778 Loaded shared library C:\Program Files\Eclipse Adoptium\jdk-17.0.15.6-hotspot\bin\management_ext.dll
Event: 2.885 Loaded shared library C:\Program Files\Eclipse Adoptium\jdk-17.0.15.6-hotspot\bin\verify.dll
Event: 3.168 Loaded shared library C:\Program Files\Eclipse Adoptium\jdk-17.0.15.6-hotspot\bin\extnet.dll
Event: 3.288 Loaded shared library C:\Program Files\Eclipse Adoptium\jdk-17.0.15.6-hotspot\bin\sunmscapi.dll

Deoptimization events (20 events):
Event: 15.829 Thread 0x000001ab991142b0 Uncommon trap: trap_request=0xffffffc6 fr.pc=0x000001aba895d720 relative=0x00000000000000e0
Event: 15.829 Thread 0x000001ab991142b0 Uncommon trap: reason=bimorphic_or_optimized_type_check action=maybe_recompile pc=0x000001aba895d720 method=sun.security.util.math.intpoly.IntegerPolynomial$MutableElement.setProduct(Lsun/security/util/math/IntegerModuloP;)Lsun/security/util/math/intpoly/
Event: 15.829 Thread 0x000001ab991142b0 DEOPT PACKING pc=0x000001aba895d720 sp=0x00000091b8dfc760
Event: 15.829 Thread 0x000001ab991142b0 DEOPT UNPACKING pc=0x000001aba81f69a3 sp=0x00000091b8dfc688 mode 2
Event: 15.829 Thread 0x000001ab991142b0 Uncommon trap: trap_request=0xffffffc6 fr.pc=0x000001aba895d720 relative=0x00000000000000e0
Event: 15.829 Thread 0x000001ab991142b0 Uncommon trap: reason=bimorphic_or_optimized_type_check action=maybe_recompile pc=0x000001aba895d720 method=sun.security.util.math.intpoly.IntegerPolynomial$MutableElement.setProduct(Lsun/security/util/math/IntegerModuloP;)Lsun/security/util/math/intpoly/
Event: 15.829 Thread 0x000001ab991142b0 DEOPT PACKING pc=0x000001aba895d720 sp=0x00000091b8dfc760
Event: 15.829 Thread 0x000001ab991142b0 DEOPT UNPACKING pc=0x000001aba81f69a3 sp=0x00000091b8dfc688 mode 2
Event: 15.829 Thread 0x000001ab991142b0 Uncommon trap: trap_request=0xffffffc6 fr.pc=0x000001aba895dc20 relative=0x00000000000000e0
Event: 15.829 Thread 0x000001ab991142b0 Uncommon trap: reason=bimorphic_or_optimized_type_check action=maybe_recompile pc=0x000001aba895dc20 method=sun.security.util.math.intpoly.IntegerPolynomial$MutableElement.setProduct(Lsun/security/util/math/IntegerModuloP;)Lsun/security/util/math/intpoly/
Event: 15.829 Thread 0x000001ab991142b0 DEOPT PACKING pc=0x000001aba895dc20 sp=0x00000091b8dfc700
Event: 15.829 Thread 0x000001ab991142b0 DEOPT UNPACKING pc=0x000001aba81f69a3 sp=0x00000091b8dfc690 mode 2
Event: 16.054 Thread 0x000001ab991142b0 DEOPT PACKING pc=0x000001aba147755b sp=0x00000091b8dfc7b0
Event: 16.054 Thread 0x000001ab991142b0 DEOPT UNPACKING pc=0x000001aba81f7143 sp=0x00000091b8dfbbe0 mode 0
Event: 16.268 Thread 0x000001ab991142b0 Uncommon trap: trap_request=0xffffff45 fr.pc=0x000001aba875fea8 relative=0x00000000000000a8
Event: 16.268 Thread 0x000001ab991142b0 Uncommon trap: reason=unstable_if action=reinterpret pc=0x000001aba875fea8 method=java.lang.CharacterDataLatin1.digit(II)I @ 12 c2
Event: 16.268 Thread 0x000001ab991142b0 DEOPT PACKING pc=0x000001aba875fea8 sp=0x00000091b8dfd020
Event: 16.268 Thread 0x000001ab991142b0 DEOPT UNPACKING pc=0x000001aba81f69a3 sp=0x00000091b8dfcf98 mode 2
Event: 31.708 Thread 0x000001ab991142b0 DEOPT PACKING pc=0x000001aba147755b sp=0x00000091b8dfc600
Event: 31.708 Thread 0x000001ab991142b0 DEOPT UNPACKING pc=0x000001aba81f7143 sp=0x00000091b8dfba30 mode 0

Classes loaded (20 events):
Event: 15.825 Loading class sun/security/validator/CADistrustPolicy$3
Event: 15.825 Loading class sun/security/validator/CADistrustPolicy$3 done
Event: 15.825 Loading class sun/security/validator/CADistrustPolicy$4
Event: 15.825 Loading class sun/security/validator/CADistrustPolicy$4 done
Event: 15.825 Loading class sun/security/validator/SymantecTLSPolicy
Event: 15.825 Loading class sun/security/validator/SymantecTLSPolicy done
Event: 15.825 Loading class sun/security/validator/EntrustTLSPolicy
Event: 15.825 Loading class sun/security/validator/EntrustTLSPolicy done
Event: 15.825 Loading class sun/security/validator/CamerfirmaTLSPolicy
Event: 15.826 Loading class sun/security/validator/CamerfirmaTLSPolicy done
Event: 32.856 Loading class java/io/PipedInputStream
Event: 32.857 Loading class java/io/PipedInputStream done
Event: 32.861 Loading class java/net/UnknownServiceException
Event: 32.862 Loading class java/net/UnknownServiceException done
Event: 32.875 Loading class java/io/FileReader
Event: 32.875 Loading class java/io/FileReader done
Event: 32.878 Loading class sun/nio/cs/ISO_8859_1$Decoder
Event: 32.879 Loading class sun/nio/cs/ISO_8859_1$Decoder done
Event: 33.813 Loading class java/util/regex/Pattern$1
Event: 33.814 Loading class java/util/regex/Pattern$1 done

Classes unloaded (0 events):
No events

Classes redefined (0 events):
No events

Internal exceptions (20 events):
Event: 6.828 Thread 0x000001ab991142b0 Exception <a 'java/lang/IncompatibleClassChangeError'{0x0000000087c043d0}: Found class java.lang.Object, but interface was expected> (0x0000000087c043d0) 
thrown [s\src\hotspot\share\interpreter\linkResolver.cpp, line 826]
Event: 6.828 Thread 0x000001ab991142b0 Exception <a 'java/lang/IncompatibleClassChangeError'{0x0000000087c074d0}: Found class java.lang.Object, but interface was expected> (0x0000000087c074d0) 
thrown [s\src\hotspot\share\interpreter\linkResolver.cpp, line 826]
Event: 6.829 Thread 0x000001ab991142b0 Exception <a 'java/lang/IncompatibleClassChangeError'{0x0000000087c0a5a8}: Found class java.lang.Object, but interface was expected> (0x0000000087c0a5a8) 
thrown [s\src\hotspot\share\interpreter\linkResolver.cpp, line 826]
Event: 6.829 Thread 0x000001ab991142b0 Exception <a 'java/lang/IncompatibleClassChangeError'{0x0000000087c0d6b0}: Found class java.lang.Object, but interface was expected> (0x0000000087c0d6b0) 
thrown [s\src\hotspot\share\interpreter\linkResolver.cpp, line 826]
Event: 6.830 Thread 0x000001ab991142b0 Exception <a 'java/lang/IncompatibleClassChangeError'{0x0000000087c1af28}: Found class java.lang.Object, but interface was expected> (0x0000000087c1af28) 
thrown [s\src\hotspot\share\interpreter\linkResolver.cpp, line 826]
Event: 6.831 Thread 0x000001ab991142b0 Exception <a 'java/lang/IncompatibleClassChangeError'{0x0000000087c1e0b0}: Found class java.lang.Object, but interface was expected> (0x0000000087c1e0b0) 
thrown [s\src\hotspot\share\interpreter\linkResolver.cpp, line 826]
Event: 15.173 Thread 0x000001ab991142b0 Exception <a 'java/lang/IncompatibleClassChangeError'{0x000000008a23a9c8}: Found class java.lang.Object, but interface was expected> (0x000000008a23a9c8) 
thrown [s\src\hotspot\share\interpreter\linkResolver.cpp, line 826]
Event: 15.173 Thread 0x000001ab991142b0 Exception <a 'java/lang/IncompatibleClassChangeError'{0x000000008a23da60}: Found class java.lang.Object, but interface was expected> (0x000000008a23da60) 
thrown [s\src\hotspot\share\interpreter\linkResolver.cpp, line 826]
Event: 15.173 Thread 0x000001ab991142b0 Exception <a 'java/lang/IncompatibleClassChangeError'{0x000000008a240b38}: Found class java.lang.Object, but interface was expected> (0x000000008a240b38) 
thrown [s\src\hotspot\share\interpreter\linkResolver.cpp, line 826]
Event: 15.173 Thread 0x000001ab991142b0 Exception <a 'java/lang/IncompatibleClassChangeError'{0x000000008a243be8}: Found class java.lang.Object, but interface was expected> (0x000000008a243be8) 
thrown [s\src\hotspot\share\interpreter\linkResolver.cpp, line 826]
Event: 15.173 Thread 0x000001ab991142b0 Exception <a 'java/lang/IncompatibleClassChangeError'{0x000000008a246cc0}: Found class java.lang.Object, but interface was expected> (0x000000008a246cc0) 
thrown [s\src\hotspot\share\interpreter\linkResolver.cpp, line 826]
Event: 15.174 Thread 0x000001ab991142b0 Exception <a 'sun/nio/fs/WindowsException'{0x000000008a249e30}> (0x000000008a249e30) 
thrown [s\src\hotspot\share\prims\jni.cpp, line 516]
Event: 15.392 Thread 0x000001ab991142b0 Exception <a 'java/lang/IncompatibleClassChangeError'{0x00000000896b2758}: Found class java.lang.Object, but interface was expected> (0x00000000896b2758) 
thrown [s\src\hotspot\share\interpreter\linkResolver.cpp, line 826]
Event: 15.420 Thread 0x000001ab991142b0 Exception <a 'java/io/FileNotFoundException'{0x000000008943a220}> (0x000000008943a220) 
thrown [s\src\hotspot\share\prims\jni.cpp, line 516]
Event: 15.495 Thread 0x000001ab991142b0 Exception <a 'java/io/FileNotFoundException'{0x00000000890db3f0}> (0x00000000890db3f0) 
thrown [s\src\hotspot\share\prims\jni.cpp, line 516]
Event: 15.561 Thread 0x000001ab991142b0 Implicit null exception at 0x000001aba876ba72 to 0x000001aba876c08c
Event: 15.562 Thread 0x000001ab991142b0 Implicit null exception at 0x000001aba8781c72 to 0x000001aba878228c
Event: 32.876 Thread 0x000001ab991142b0 Exception <a 'java/io/FileNotFoundException'{0x000000008aec6a28}> (0x000000008aec6a28) 
thrown [s\src\hotspot\share\prims\jni.cpp, line 516]
Event: 32.876 Thread 0x000001ab991142b0 Exception <a 'java/io/FileNotFoundException'{0x000000008aec75a0}> (0x000000008aec75a0) 
thrown [s\src\hotspot\share\prims\jni.cpp, line 516]
Event: 35.243 Thread 0x000001ab991142b0 Exception <a 'sun/nio/fs/WindowsException'{0x000000008ac40f58}> (0x000000008ac40f58) 
thrown [s\src\hotspot\share\prims\jni.cpp, line 516]

VM Operations (20 events):
Event: 22.305 Executing VM operation: Cleanup
Event: 22.305 Executing VM operation: Cleanup done
Event: 24.332 Executing VM operation: Cleanup
Event: 24.332 Executing VM operation: Cleanup done
Event: 25.340 Executing VM operation: Cleanup
Event: 25.340 Executing VM operation: Cleanup done
Event: 27.362 Executing VM operation: Cleanup
Event: 27.362 Executing VM operation: Cleanup done
Event: 29.379 Executing VM operation: Cleanup
Event: 29.379 Executing VM operation: Cleanup done
Event: 31.398 Executing VM operation: Cleanup
Event: 31.398 Executing VM operation: Cleanup done
Event: 32.844 Executing VM operation: G1CollectForAllocation
Event: 32.849 Executing VM operation: G1CollectForAllocation done
Event: 32.853 Executing VM operation: HandshakeAllThreads
Event: 32.853 Executing VM operation: HandshakeAllThreads done
Event: 32.865 Executing VM operation: HandshakeAllThreads
Event: 32.866 Executing VM operation: HandshakeAllThreads done
Event: 33.873 Executing VM operation: Cleanup
Event: 33.873 Executing VM operation: Cleanup done

Memory protections (0 events):
No events

Nmethod flushes (20 events):
Event: 4.614 Thread 0x000001abb7888ac0 flushing  nmethod 0x000001aba1433a10
Event: 4.614 Thread 0x000001abb7888ac0 flushing  nmethod 0x000001aba1433d90
Event: 4.614 Thread 0x000001abb7888ac0 flushing  nmethod 0x000001aba1434c90
Event: 4.614 Thread 0x000001abb7888ac0 flushing  nmethod 0x000001aba1436390
Event: 4.614 Thread 0x000001abb7888ac0 flushing  nmethod 0x000001aba1439490
Event: 4.614 Thread 0x000001abb7888ac0 flushing  nmethod 0x000001aba1445290
Event: 4.614 Thread 0x000001abb7888ac0 flushing  nmethod 0x000001aba1445d10
Event: 4.614 Thread 0x000001abb7888ac0 flushing  nmethod 0x000001aba1446090
Event: 4.614 Thread 0x000001abb7888ac0 flushing  nmethod 0x000001aba1447890
Event: 4.614 Thread 0x000001abb7888ac0 flushing  nmethod 0x000001aba1448490
Event: 4.614 Thread 0x000001abb7888ac0 flushing  nmethod 0x000001aba1449090
Event: 4.614 Thread 0x000001abb7888ac0 flushing  nmethod 0x000001aba1449790
Event: 4.614 Thread 0x000001abb7888ac0 flushing  nmethod 0x000001aba1455090
Event: 4.614 Thread 0x000001abb7888ac0 flushing  nmethod 0x000001aba1457210
Event: 4.614 Thread 0x000001abb7888ac0 flushing  nmethod 0x000001aba1457d90
Event: 4.615 Thread 0x000001abb7888ac0 flushing  nmethod 0x000001aba147bf90
Event: 4.615 Thread 0x000001abb7888ac0 flushing  nmethod 0x000001aba1480210
Event: 32.866 Thread 0x000001abb7888ac0 flushing  nmethod 0x000001aba8834510
Event: 32.867 Thread 0x000001abb7888ac0 flushing  nmethod 0x000001aba0ce5910
Event: 32.870 Thread 0x000001abb7888ac0 flushing  nmethod 0x000001aba106c590

Events (20 events):
Event: 2.265 Thread 0x000001ab991142b0 Thread added: 0x000001abff60e670
Event: 2.265 Thread 0x000001abff60c300 Thread added: 0x000001abff60c810
Event: 2.273 Thread 0x000001abff60c300 Thread added: 0x000001abff60e160
Event: 2.273 Thread 0x000001abff60c810 Thread added: 0x000001abff60f5a0
Event: 2.273 Thread 0x000001abff60c300 Thread added: 0x000001abff60eb80
Event: 4.444 Thread 0x000001ab991142b0 Thread added: 0x000001abff60cd20
Event: 4.499 Thread 0x000001ab991142b0 Thread added: 0x000001abff60d740
Event: 4.502 Thread 0x000001ab991142b0 Thread added: 0x000001abff60bdf0
Event: 4.502 Thread 0x000001ab991142b0 Thread added: 0x000001abff60d230
Event: 4.512 Thread 0x000001abff60bdf0 Thread added: 0x000001abff60dc50
Event: 4.571 Thread 0x000001abff60dc50 Thread added: 0x000001ab8057a310
Event: 4.694 Thread 0x000001ab991142b0 Thread added: 0x000001ab8057dac0
Event: 4.737 Thread 0x000001abff60cd20 Thread added: 0x000001ab805789c0
Event: 4.737 Thread 0x000001abff60cd20 Thread added: 0x000001ab8057a820
Event: 5.622 Thread 0x000001abb7aa9710 Thread exited: 0x000001abb7aa9710
Event: 6.460 Thread 0x000001ab991142b0 Thread added: 0x000001ab805798f0
Event: 6.462 Thread 0x000001ab991142b0 Thread added: 0x000001ab8057e9f0
Event: 6.485 Thread 0x000001ab805798f0 Thread added: 0x000001ab8057cb90
Event: 6.485 Thread 0x000001ab805798f0 Thread added: 0x000001ab805784b0
Event: 9.586 Thread 0x000001ab8057a310 Thread exited: 0x000001ab8057a310


Dynamic libraries:
0x00007ff78ff40000 - 0x00007ff78ff4e000 	C:\Program Files\Eclipse Adoptium\jdk-17.0.15.6-hotspot\bin\java.exe
0x00007ffb54ad0000 - 0x00007ffb54cc8000 	C:\Windows\SYSTEM32\ntdll.dll
0x00007ffb52f60000 - 0x00007ffb53022000 	C:\Windows\System32\KERNEL32.DLL
0x00007ffb522b0000 - 0x00007ffb525a6000 	C:\Windows\System32\KERNELBASE.dll
0x00007ffb52600000 - 0x00007ffb52700000 	C:\Windows\System32\ucrtbase.dll
0x00007ffb1b3d0000 - 0x00007ffb1b3e7000 	C:\Program Files\Eclipse Adoptium\jdk-17.0.15.6-hotspot\bin\jli.dll
0x00007ffb1a660000 - 0x00007ffb1a67e000 	C:\Program Files\Eclipse Adoptium\jdk-17.0.15.6-hotspot\bin\VCRUNTIME140.dll
0x00007ffb53390000 - 0x00007ffb5352d000 	C:\Windows\System32\USER32.dll
0x00007ffb40140000 - 0x00007ffb403da000 	C:\Windows\WinSxS\amd64_microsoft.windows.common-controls_6595b64144ccf1df_6.0.19041.5915_none_60b4b9d171f9c7c7\COMCTL32.dll
0x00007ffb529b0000 - 0x00007ffb529d2000 	C:\Windows\System32\win32u.dll
0x00007ffb54a30000 - 0x00007ffb54a5b000 	C:\Windows\System32\GDI32.dll
0x00007ffb53710000 - 0x00007ffb537ae000 	C:\Windows\System32\msvcrt.dll
0x00007ffb52700000 - 0x00007ffb52819000 	C:\Windows\System32\gdi32full.dll
0x00007ffb52160000 - 0x00007ffb521fd000 	C:\Windows\System32\msvcp_win.dll
0x00007ffb53240000 - 0x00007ffb5326f000 	C:\Windows\System32\IMM32.DLL
0x00007ffb47380000 - 0x00007ffb4738c000 	C:\Program Files\Eclipse Adoptium\jdk-17.0.15.6-hotspot\bin\vcruntime140_1.dll
0x00007ffaedd80000 - 0x00007ffaede0d000 	C:\Program Files\Eclipse Adoptium\jdk-17.0.15.6-hotspot\bin\msvcp140.dll
0x00007ffac3110000 - 0x00007ffac3d7b000 	C:\Program Files\Eclipse Adoptium\jdk-17.0.15.6-hotspot\bin\server\jvm.dll
0x00007ffb547f0000 - 0x00007ffb548a1000 	C:\Windows\System32\ADVAPI32.dll
0x00007ffb53610000 - 0x00007ffb536af000 	C:\Windows\System32\sechost.dll
0x00007ffb53110000 - 0x00007ffb53233000 	C:\Windows\System32\RPCRT4.dll
0x00007ffb52820000 - 0x00007ffb52847000 	C:\Windows\System32\bcrypt.dll
0x00007ffb53990000 - 0x00007ffb539fb000 	C:\Windows\System32\WS2_32.dll
0x00007ffb51fc0000 - 0x00007ffb5200b000 	C:\Windows\SYSTEM32\POWRPROF.dll
0x00007ffb407f0000 - 0x00007ffb40817000 	C:\Windows\SYSTEM32\WINMM.dll
0x00007ffb4ad00000 - 0x00007ffb4ad0a000 	C:\Windows\SYSTEM32\VERSION.dll
0x00007ffb51fa0000 - 0x00007ffb51fb2000 	C:\Windows\SYSTEM32\UMPDC.dll
0x00007ffb4ffe0000 - 0x00007ffb4fff2000 	C:\Windows\SYSTEM32\kernel.appcore.dll
0x00007ffb1b720000 - 0x00007ffb1b72a000 	C:\Program Files\Eclipse Adoptium\jdk-17.0.15.6-hotspot\bin\jimage.dll
0x00007ffb46500000 - 0x00007ffb46701000 	C:\Windows\SYSTEM32\DBGHELP.DLL
0x00007ffb3f3e0000 - 0x00007ffb3f414000 	C:\Windows\SYSTEM32\dbgcore.DLL
0x00007ffb529e0000 - 0x00007ffb52a62000 	C:\Windows\System32\bcryptPrimitives.dll
0x00007ffb3b960000 - 0x00007ffb3b96e000 	C:\Program Files\Eclipse Adoptium\jdk-17.0.15.6-hotspot\bin\instrument.dll
0x00007ffb1a620000 - 0x00007ffb1a645000 	C:\Program Files\Eclipse Adoptium\jdk-17.0.15.6-hotspot\bin\java.dll
0x00007ffaeb970000 - 0x00007ffaeba47000 	C:\Program Files\Eclipse Adoptium\jdk-17.0.15.6-hotspot\bin\jsvml.dll
0x00007ffb54020000 - 0x00007ffb5478e000 	C:\Windows\System32\SHELL32.dll
0x00007ffb501e0000 - 0x00007ffb50984000 	C:\Windows\SYSTEM32\windows.storage.dll
0x00007ffb53ab0000 - 0x00007ffb53e03000 	C:\Windows\System32\combase.dll
0x00007ffb51ac0000 - 0x00007ffb51aeb000 	C:\Windows\SYSTEM32\Wldp.dll
0x00007ffb54960000 - 0x00007ffb54a2d000 	C:\Windows\System32\OLEAUT32.dll
0x00007ffb548b0000 - 0x00007ffb5495d000 	C:\Windows\System32\SHCORE.dll
0x00007ffb54790000 - 0x00007ffb547eb000 	C:\Windows\System32\shlwapi.dll
0x00007ffb52090000 - 0x00007ffb520b4000 	C:\Windows\SYSTEM32\profapi.dll
0x00007ffb1a4a0000 - 0x00007ffb1a4b8000 	C:\Program Files\Eclipse Adoptium\jdk-17.0.15.6-hotspot\bin\zip.dll
0x00007ffb1a600000 - 0x00007ffb1a619000 	C:\Program Files\Eclipse Adoptium\jdk-17.0.15.6-hotspot\bin\net.dll
0x00007ffb4b0a0000 - 0x00007ffb4b1aa000 	C:\Windows\SYSTEM32\WINHTTP.dll
0x00007ffb51820000 - 0x00007ffb5188a000 	C:\Windows\system32\mswsock.dll
0x00007ffb1a5e0000 - 0x00007ffb1a5f6000 	C:\Program Files\Eclipse Adoptium\jdk-17.0.15.6-hotspot\bin\nio.dll
0x00007ffb1a270000 - 0x00007ffb1a27a000 	C:\Program Files\Eclipse Adoptium\jdk-17.0.15.6-hotspot\bin\management.dll
0x00007ffb1a260000 - 0x00007ffb1a26b000 	C:\Program Files\Eclipse Adoptium\jdk-17.0.15.6-hotspot\bin\management_ext.dll
0x00007ffb538e0000 - 0x00007ffb538e8000 	C:\Windows\System32\PSAPI.DLL
0x00007ffb51a20000 - 0x00007ffb51a38000 	C:\Windows\SYSTEM32\CRYPTSP.dll
0x00007ffb51140000 - 0x00007ffb51178000 	C:\Windows\system32\rsaenh.dll
0x00007ffb52050000 - 0x00007ffb5207e000 	C:\Windows\SYSTEM32\USERENV.dll
0x00007ffb51a10000 - 0x00007ffb51a1c000 	C:\Windows\SYSTEM32\CRYPTBASE.dll
0x00007ffb51500000 - 0x00007ffb5153b000 	C:\Windows\SYSTEM32\IPHLPAPI.DLL
0x00007ffb54a60000 - 0x00007ffb54a68000 	C:\Windows\System32\NSI.dll
0x00007ffb4ae00000 - 0x00007ffb4ae17000 	C:\Windows\SYSTEM32\dhcpcsvc6.DLL
0x00007ffb4ace0000 - 0x00007ffb4acfd000 	C:\Windows\SYSTEM32\dhcpcsvc.DLL
0x00007ffb51540000 - 0x00007ffb5160a000 	C:\Windows\SYSTEM32\DNSAPI.dll
0x00007ffb1af60000 - 0x00007ffb1af70000 	C:\Program Files\Eclipse Adoptium\jdk-17.0.15.6-hotspot\bin\verify.dll
0x00007ffb4a6a0000 - 0x00007ffb4a6aa000 	C:\Windows\System32\rasadhlp.dll
0x00007ffb471b0000 - 0x00007ffb47230000 	C:\Windows\System32\fwpuclnt.dll
0x00007ffb1a5d0000 - 0x00007ffb1a5d9000 	C:\Program Files\Eclipse Adoptium\jdk-17.0.15.6-hotspot\bin\extnet.dll
0x00007ffb1a500000 - 0x00007ffb1a50e000 	C:\Program Files\Eclipse Adoptium\jdk-17.0.15.6-hotspot\bin\sunmscapi.dll
0x00007ffb52850000 - 0x00007ffb529ad000 	C:\Windows\System32\CRYPT32.dll
0x00007ffb51b30000 - 0x00007ffb51b57000 	C:\Windows\SYSTEM32\ncrypt.dll
0x00007ffb51af0000 - 0x00007ffb51b2b000 	C:\Windows\SYSTEM32\NTASN1.dll
0x00007ffb2ffe0000 - 0x00007ffb2ffe7000 	C:\Windows\system32\wshunix.dll
0x00007ffb3ae40000 - 0x00007ffb3ae57000 	C:\Windows\system32\napinsp.dll
0x00007ffb3ae20000 - 0x00007ffb3ae3b000 	C:\Windows\system32\pnrpnsp.dll
0x00007ffb4c7e0000 - 0x00007ffb4c7fd000 	C:\Windows\system32\wshbth.dll
0x00007ffb4d830000 - 0x00007ffb4d84d000 	C:\Windows\system32\NLAapi.dll
0x00007ffb3ae00000 - 0x00007ffb3ae12000 	C:\Windows\System32\winrnr.dll

dbghelp: loaded successfully - version: 4.0.5 - missing functions: none
symbol engine: initialized successfully - sym options: 0x614 - pdb path: .;C:\Program Files\Eclipse Adoptium\jdk-17.0.15.6-hotspot\bin;C:\Windows\SYSTEM32;C:\Windows\WinSxS\amd64_microsoft.windows.common-controls_6595b64144ccf1df_6.0.19041.5915_none_60b4b9d171f9c7c7;C:\Program Files\Eclipse Adoptium\jdk-17.0.15.6-hotspot\bin\server

VM Arguments:
jvm_args: -javaagent:C:\Users\User\.m2\repository/org/aspectj/aspectjweaver/1.9.19/aspectjweaver-1.9.19.jar 
java_command: C:\Users\User\AppData\Local\Temp\surefire7346342615708767163\surefirebooter-20250811164229804_3.jar C:\Users\User\AppData\Local\Temp\surefire7346342615708767163 2025-08-11T16-42-29_604-jvmRun1 surefire-20250811164229804_1tmp surefire_0-20250811164229804_2tmp
java_class_path (initial): C:\Users\User\AppData\Local\Temp\surefire7346342615708767163\surefirebooter-20250811164229804_3.jar
Launcher Type: SUN_STANDARD

[Global flags]
     intx CICompilerCount                          = 4                                         {product} {ergonomic}
     uint ConcGCThreads                            = 3                                         {product} {ergonomic}
     uint G1ConcRefinementThreads                  = 10                                        {product} {ergonomic}
   size_t G1HeapRegionSize                         = 1048576                                   {product} {ergonomic}
    uintx GCDrainStackTargetSize                   = 64                                        {product} {ergonomic}
   size_t InitialHeapSize                          = 132120576                                 {product} {ergonomic}
   size_t MarkStackSize                            = 4194304                                   {product} {ergonomic}
   size_t MaxHeapSize                              = 2101346304                                {product} {ergonomic}
   size_t MaxNewSize                               = 1260388352                                {product} {ergonomic}
   size_t MinHeapDeltaBytes                        = 1048576                                   {product} {ergonomic}
   size_t MinHeapSize                              = 8388608                                   {product} {ergonomic}
    uintx NonNMethodCodeHeapSize                   = 5839372                                {pd product} {ergonomic}
    uintx NonProfiledCodeHeapSize                  = 122909434                              {pd product} {ergonomic}
    uintx ProfiledCodeHeapSize                     = 122909434                              {pd product} {ergonomic}
    uintx ReservedCodeCacheSize                    = 251658240                              {pd product} {ergonomic}
     bool SegmentedCodeCache                       = true                                      {product} {ergonomic}
   size_t SoftMaxHeapSize                          = 2101346304                             {manageable} {ergonomic}
     bool UseCompressedClassPointers               = true                           {product lp64_product} {ergonomic}
     bool UseCompressedOops                        = true                           {product lp64_product} {ergonomic}
     bool UseG1GC                                  = true                                      {product} {ergonomic}
     bool UseLargePagesIndividualAllocation        = false                                  {pd product} {ergonomic}

Logging:
Log output configuration:
 #0: stdout all=warning uptime,level,tags
 #1: stderr all=off uptime,level,tags

Environment Variables:
JAVA_HOME=C:\Program Files\Eclipse Adoptium\jdk-17.0.15.6-hotspot
PATH=C:\Program Files\Eclipse Adoptium\jdk-17.0.15.6-hotspot\bin;C:\Program Files\Common Files\Oracle\Java\javapath;C:\Python311\Scripts\;C:\Python311\;C:\Program Files (x86)\Common Files\Oracle\Java\javapath;C:\Windows\system32;C:\Windows;C:\Windows\System32\Wbem;C:\Windows\System32\WindowsPowerShell\v1.0\;C:\Windows\System32\OpenSSH\;C:\Program Files (x86)\sbt\bin;C:\Program Files\Microsoft SQL Server\150\Tools\Binn\;C:\Program Files\Microsoft SQL Server\Client SDK\ODBC\170\Tools\Binn\;C:\Program Files\dotnet\;C:\Program Files\Git\cmd;C:\ProgramData\chocolatey\bin;C:\Program Files\nodejs\;C:\Program Files\Apache\Maven\apache-maven-3.9.9\bin;C:\allure-2.32.0\bin;C:\Program Files\PuTTY\;D:\ngrok-v3-stable-windows-amd64;C:\Program Files\Eclipse Adoptium\jdk-17.0.15.6-hotspot;C:\SonarScanner\bin;C:\Users\User\AppData\Local\Microsoft\WindowsApps;C:\Users\User\AppData\Local\Coursier\data\bin;C:\Program Files\JetBrains\IntelliJ IDEA Community Edition 2023.1.2\bin;;C:\Users\User\.dotnet\tools;C:\Users\User\AppData\Local\Programs\Microsoft VS Code\bin;C:\MinGW\bin;C:\Users\User\AppData\Local\Programs\mongosh\;C:\xampp\php;C:\Program Files\OpenSSL-Win64\bin;C:\ProgramData\User\GitHubDesktop\bin;C:\Users\User\AppData\Roaming\npm;
USERNAME=User
OS=Windows_NT
PROCESSOR_IDENTIFIER=Intel64 Family 6 Model 166 Stepping 0, GenuineIntel
TMP=C:\Users\User\AppData\Local\Temp
TEMP=C:\Users\User\AppData\Local\Temp



Periodic native trim disabled


---------------  S Y S T E M  ---------------

OS:
 Windows 10 , 64 bit Build 19041 (10.0.19041.5915)
OS uptime: 7 days 4:32 hours

CPU: total 12 (initial active 12) (6 cores per cpu, 2 threads per core) family 6 model 166 stepping 0 microcode 0xca, cx8, cmov, fxsr, ht, mmx, 3dnowpref, sse, sse2, sse3, ssse3, sse4.1, sse4.2, popcnt, lzcnt, tsc, tscinvbit, avx, avx2, aes, erms, clmul, bmi1, bmi2, adx, fma, vzeroupper, clflush, clflushopt
Processor Information for all 12 processors :
  Max Mhz: 1608, Current Mhz: 1105, Mhz Limit: 1093

Memory: 4k page, system-wide physical 8012M (247M free)
TotalPageFile size 32540M (AvailPageFile size 26M)
current process WorkingSet (physical memory assigned to process): 265M, peak: 267M
current process commit charge ("private bytes"): 308M, peak: 318M

vm_info: OpenJDK 64-Bit Server VM (17.0.15+6) for windows-amd64 JRE (17.0.15+6), built on Apr 15 2025 21:25:47 by "admin" with MS VC++ 17.7 (VS2022)

END.
